<?xml version="1.0" encoding="UTF-8"?>
<testng-results ignored="0" total="2" passed="1" failed="1" skipped="0">
  <reporter-output>
  </reporter-output>
  <suite started-at="2024-06-29T12:06:57Z" name="Default suite" finished-at="2024-06-29T12:06:58Z" duration-ms="154">
    <groups>
      <group name="sanity">
        <method signature="Lab084.test1()[pri:0, instance:ex_250624.RA_MISC.Listeners.Lab084@49ff7d8c]" name="test1" class="ex_250624.RA_MISC.Listeners.Lab084"/>
        <method signature="Lab084.test2()[pri:0, instance:ex_250624.RA_MISC.Listeners.Lab084@49ff7d8c]" name="test2" class="ex_250624.RA_MISC.Listeners.Lab084"/>
      </group> <!-- sanity -->
    </groups>
    <test started-at="2024-06-29T12:06:57Z" name="Default test" finished-at="2024-06-29T12:06:58Z" duration-ms="154">
      <class name="ex_250624.RA_MISC.Listeners.Lab084">
        <test-method signature="test1()[pri:0, instance:ex_250624.RA_MISC.Listeners.Lab084@49ff7d8c]" started-at="2024-06-29T17:36:58Z" name="test1" finished-at="2024-06-29T17:36:58Z" duration-ms="67" status="FAIL">
          <exception class="java.lang.AssertionError">
            <message>
              <![CDATA[expected [true] but found [false]]]>
            </message>
            <full-stacktrace>
              <![CDATA[java.lang.AssertionError: expected [true] but found [false]
	at org.testng.Assert.fail(Assert.java:93)
	at org.testng.Assert.failNotEquals(Assert.java:512)
	at org.testng.Assert.assertTrue(Assert.java:41)
	at org.testng.Assert.assertTrue(Assert.java:51)
	at ex_250624.RA_MISC.Listeners.Lab084.test1(Lab084.java:14)
	at java.base/jdk.internal.reflect.DirectMethodHandleAccessor.invoke(DirectMethodHandleAccessor.java:103)
	at java.base/java.lang.reflect.Method.invoke(Method.java:580)
	at org.testng.internal.MethodInvocationHelper.invokeMethod(MethodInvocationHelper.java:108)
	at org.testng.internal.Invoker.invokeMethod(Invoker.java:661)
	at org.testng.internal.Invoker.invokeTestMethod(Invoker.java:869)
	at org.testng.internal.Invoker.invokeTestMethods(Invoker.java:1193)
	at org.testng.internal.TestMethodWorker.invokeTestMethods(TestMethodWorker.java:126)
	at org.testng.internal.TestMethodWorker.run(TestMethodWorker.java:109)
	at org.testng.TestRunner.privateRun(TestRunner.java:744)
	at org.testng.TestRunner.run(TestRunner.java:602)
	at org.testng.SuiteRunner.runTest(SuiteRunner.java:380)
	at org.testng.SuiteRunner.runSequentially(SuiteRunner.java:375)
	at org.testng.SuiteRunner.privateRun(SuiteRunner.java:340)
	at org.testng.SuiteRunner.run(SuiteRunner.java:289)
	at org.testng.SuiteRunnerWorker.runSuite(SuiteRunnerWorker.java:52)
	at org.testng.SuiteRunnerWorker.run(SuiteRunnerWorker.java:86)
	at org.testng.TestNG.runSuitesSequentially(TestNG.java:1301)
	at org.testng.TestNG.runSuitesLocally(TestNG.java:1226)
	at org.testng.TestNG.runSuites(TestNG.java:1144)
	at org.testng.TestNG.run(TestNG.java:1115)
	at org.testng.remote.AbstractRemoteTestNG.run(AbstractRemoteTestNG.java:115)
	at org.testng.remote.RemoteTestNG.initAndRun(RemoteTestNG.java:251)
	at org.testng.remote.RemoteTestNG.main(RemoteTestNG.java:77)
]]>
            </full-stacktrace>
          </exception> <!-- java.lang.AssertionError -->
          <reporter-output>
          </reporter-output>
        </test-method> <!-- test1 -->
        <test-method signature="test2()[pri:0, instance:ex_250624.RA_MISC.Listeners.Lab084@49ff7d8c]" started-at="2024-06-29T17:36:58Z" name="test2" finished-at="2024-06-29T17:36:58Z" duration-ms="4" status="PASS">
          <reporter-output>
          </reporter-output>
        </test-method> <!-- test2 -->
        <test-method is-config="true" signature="sendReportToQALEad()[pri:0, instance:ex_250624.RA_MISC.Listeners.Lab084@49ff7d8c]" started-at="2024-06-29T17:36:58Z" name="sendReportToQALEad" finished-at="2024-06-29T17:36:58Z" duration-ms="1" status="PASS">
          <reporter-output>
          </reporter-output>
        </test-method> <!-- sendReportToQALEad -->
      </class> <!-- ex_250624.RA_MISC.Listeners.Lab084 -->
    </test> <!-- Default test -->
  </suite> <!-- Default suite -->
</testng-results>
